<?xml version="1.0" encoding="UTF-8"?>
<!-- Generated by org.testng.reporters.JUnitReportReporter -->
<testsuite name="com.test.automation.uiAutomation.homepage.TC002_verifyRegistration" tests="1" time="129.681" ignored="0" failures="0" timestamp="18 Aug 2017 11:02:58 GMT" skipped="0" hostname="krawlnetpc-Vostro-3800" errors="0">
  <testcase name="testLogin" time="129.681" classname="com.test.automation.uiAutomation.homepage.TC002_verifyRegistration"/>
</testsuite> <!-- com.test.automation.uiAutomation.homepage.TC002_verifyRegistration -->
