<?xml version="1.0" encoding="UTF-8"?>
<!-- Generated by org.testng.reporters.JUnitReportReporter -->
<testsuite name="com.test.automation.uiAutomation.homepage.TC003_VerifyLoginWithDifferentRecords" tests="1" time="9.029" ignored="0" failures="0" timestamp="06 May 2017 18:06:47 GMT" skipped="0" hostname="DESKTOP-9KHPCEO" errors="0">
  <testcase name="verifyLoginWithDifferentRecords" time="9.029" classname="com.test.automation.uiAutomation.homepage.TC003_VerifyLoginWithDifferentRecords"/>
</testsuite> <!-- com.test.automation.uiAutomation.homepage.TC003_VerifyLoginWithDifferentRecords -->
