<?xml version="1.0" encoding="UTF-8"?>
<!-- Generated by org.testng.reporters.JUnitReportReporter -->
<testsuite name="com.test.automation.uiAutomation.homepage.TC001_VerifyLoginWithInvalidCredentials" tests="1" time="4.861" ignored="0" failures="0" timestamp="17 Aug 2017 12:04:18 GMT" skipped="0" hostname="krawlnetpc-Vostro-3800" errors="0">
  <testcase name="verifyLoginWithInvalidCredentials" time="4.861" classname="com.test.automation.uiAutomation.homepage.TC001_VerifyLoginWithInvalidCredentials"/>
</testsuite> <!-- com.test.automation.uiAutomation.homepage.TC001_VerifyLoginWithInvalidCredentials -->
